<?xml version="1.0" encoding="UTF-8"?>
<coverage generated="1617464691826" clover="3.2.0">
  <project timestamp="1617464691826" name="All files">
    <metrics statements="72" coveredstatements="72" conditionals="26" coveredconditionals="26" methods="17" coveredmethods="17" elements="115" coveredelements="115" complexity="0" loc="72" ncloc="72" packages="2" files="5" classes="5"/>
    <package name="classes">
      <metrics statements="66" coveredstatements="66" conditionals="26" coveredconditionals="26" methods="17" coveredmethods="17"/>
      <file name="field.js" path="C:\Users\user\Desktop\CODING\HomeWork\src\classes\field.js">
        <metrics statements="32" coveredstatements="32" conditionals="14" coveredconditionals="14" methods="10" coveredmethods="10"/>
        <line num="4" count="36" type="stmt"/>
        <line num="5" count="36" type="stmt"/>
        <line num="6" count="36" type="stmt"/>
        <line num="7" count="32" type="stmt"/>
        <line num="8" count="288" type="stmt"/>
        <line num="9" count="32" type="stmt"/>
        <line num="10" count="32" type="stmt"/>
        <line num="14" count="36" type="cond" truecount="4" falsecount="0"/>
        <line num="15" count="4" type="stmt"/>
        <line num="17" count="32" type="stmt"/>
        <line num="21" count="32" type="stmt"/>
        <line num="22" count="32" type="stmt"/>
        <line num="26" count="44" type="stmt"/>
        <line num="30" count="33" type="stmt"/>
        <line num="31" count="33" type="stmt"/>
        <line num="32" count="33" type="stmt"/>
        <line num="33" count="312404" type="stmt"/>
        <line num="34" count="62561" type="stmt"/>
        <line num="35" count="62561" type="stmt"/>
        <line num="36" count="62561" type="cond" truecount="2" falsecount="0"/>
        <line num="37" count="62561" type="stmt"/>
        <line num="39" count="33" type="stmt"/>
        <line num="43" count="9919" type="stmt"/>
        <line num="45" count="8" type="stmt"/>
        <line num="46" count="9919" type="stmt"/>
        <line num="47" count="97436991" type="stmt"/>
        <line num="48" count="97436991" type="cond" truecount="2" falsecount="0"/>
        <line num="49" count="97436991" type="cond" truecount="2" falsecount="0"/>
        <line num="50" count="97436991" type="cond" truecount="4" falsecount="0"/>
        <line num="51" count="97436991" type="stmt"/>
        <line num="54" count="8" type="stmt"/>
        <line num="58" count="3" type="stmt"/>
      </file>
      <file name="fieldYieldSolution.js" path="C:\Users\user\Desktop\CODING\HomeWork\src\classes\fieldYieldSolution.js">
        <metrics statements="19" coveredstatements="19" conditionals="8" coveredconditionals="8" methods="1" coveredmethods="1"/>
        <line num="8" count="4" type="stmt"/>
        <line num="9" count="4" type="stmt"/>
        <line num="10" count="4" type="stmt"/>
        <line num="11" count="4" type="stmt"/>
        <line num="12" count="4" type="stmt"/>
        <line num="13" count="4" type="stmt"/>
        <line num="15" count="4" type="stmt"/>
        <line num="16" count="4" type="stmt"/>
        <line num="17" count="4" type="stmt"/>
        <line num="18" count="4" type="stmt"/>
        <line num="20" count="4" type="cond" truecount="4" falsecount="0"/>
        <line num="21" count="3" type="stmt"/>
        <line num="22" count="4" type="cond" truecount="2" falsecount="0"/>
        <line num="23" count="3" type="stmt"/>
        <line num="24" count="4" type="cond" truecount="2" falsecount="0"/>
        <line num="25" count="3" type="stmt"/>
        <line num="26" count="4" type="stmt"/>
        <line num="27" count="4" type="stmt"/>
        <line num="31" count="1" type="stmt"/>
      </file>
      <file name="multipleQueries.js" path="C:\Users\user\Desktop\CODING\HomeWork\src\classes\multipleQueries.js">
        <metrics statements="8" coveredstatements="8" conditionals="4" coveredconditionals="4" methods="1" coveredmethods="1"/>
        <line num="1" count="1" type="stmt"/>
        <line num="7" count="14" type="cond" truecount="4" falsecount="0"/>
        <line num="8" count="2" type="stmt"/>
        <line num="11" count="12" type="stmt"/>
        <line num="12" count="12" type="stmt"/>
        <line num="13" count="2282089" type="stmt"/>
        <line num="15" count="12" type="stmt"/>
        <line num="22" count="1" type="stmt"/>
      </file>
      <file name="singleQuery.js" path="C:\Users\user\Desktop\CODING\HomeWork\src\classes\singleQuery.js">
        <metrics statements="7" coveredstatements="7" conditionals="0" coveredconditionals="0" methods="5" coveredmethods="5"/>
        <line num="5" count="2282094" type="stmt"/>
        <line num="6" count="2282094" type="stmt"/>
        <line num="7" count="2282094" type="stmt"/>
        <line num="10" count="4564188" type="stmt"/>
        <line num="14" count="4564188" type="stmt"/>
        <line num="17" count="2282094" type="stmt"/>
        <line num="24" count="2" type="stmt"/>
      </file>
    </package>
    <package name="data">
      <metrics statements="6" coveredstatements="6" conditionals="0" coveredconditionals="0" methods="0" coveredmethods="0"/>
      <file name="exampleValues.js" path="C:\Users\user\Desktop\CODING\HomeWork\src\data\exampleValues.js">
        <metrics statements="6" coveredstatements="6" conditionals="0" coveredconditionals="0" methods="0" coveredmethods="0"/>
        <line num="1" count="2" type="stmt"/>
        <line num="3" count="2" type="stmt"/>
        <line num="5" count="2" type="stmt"/>
        <line num="15" count="2" type="stmt"/>
        <line num="17" count="2" type="stmt"/>
        <line num="36" count="2" type="stmt"/>
      </file>
    </package>
  </project>
</coverage>
