<?xml version="1.0" encoding="UTF-8"?>
<coverage generated="1617294327634" clover="3.2.0">
  <project timestamp="1617294327635" name="All files">
    <metrics statements="53" coveredstatements="53" conditionals="10" coveredconditionals="10" methods="14" coveredmethods="14" elements="77" coveredelements="77" complexity="0" loc="53" ncloc="53" packages="2" files="4" classes="4"/>
    <package name="classes">
      <metrics statements="47" coveredstatements="47" conditionals="10" coveredconditionals="10" methods="14" coveredmethods="14"/>
      <file name="field.js" path="C:\Users\user\Desktop\CODING\HomeWork\src\classes\field.js">
        <metrics statements="27" coveredstatements="27" conditionals="10" coveredconditionals="10" methods="4" coveredmethods="4"/>
        <line num="4" count="30" type="stmt"/>
        <line num="5" count="30" type="stmt"/>
        <line num="6" count="30" type="stmt"/>
        <line num="7" count="26" type="stmt"/>
        <line num="8" count="234" type="stmt"/>
        <line num="9" count="26" type="stmt"/>
        <line num="10" count="26" type="stmt"/>
        <line num="14" count="30" type="cond" truecount="4" falsecount="0"/>
        <line num="15" count="4" type="stmt"/>
        <line num="17" count="26" type="stmt"/>
        <line num="23" count="26" type="cond" truecount="2" falsecount="0"/>
        <line num="24" count="25" type="stmt"/>
        <line num="25" count="25" type="stmt"/>
        <line num="26" count="25" type="stmt"/>
        <line num="27" count="25" type="stmt"/>
        <line num="31" count="26" type="cond" truecount="2" falsecount="0"/>
        <line num="32" count="1" type="stmt"/>
        <line num="33" count="1" type="stmt"/>
        <line num="37" count="26" type="stmt"/>
        <line num="39" count="26" type="cond" truecount="2" falsecount="0"/>
        <line num="40" count="5" type="stmt"/>
        <line num="41" count="5" type="stmt"/>
        <line num="42" count="5" type="stmt"/>
        <line num="43" count="5" type="stmt"/>
        <line num="46" count="26" type="stmt"/>
        <line num="48" count="26" type="stmt"/>
        <line num="53" count="2" type="stmt"/>
      </file>
      <file name="fieldSolutionClass.js" path="C:\Users\user\Desktop\CODING\HomeWork\src\classes\fieldSolutionClass.js">
        <metrics statements="12" coveredstatements="12" conditionals="0" coveredconditionals="0" methods="5" coveredmethods="5"/>
        <line num="4" count="3" type="stmt"/>
        <line num="5" count="3" type="stmt"/>
        <line num="6" count="3" type="stmt"/>
        <line num="7" count="3" type="stmt"/>
        <line num="8" count="3" type="stmt"/>
        <line num="9" count="3" type="stmt"/>
        <line num="13" count="3" type="stmt"/>
        <line num="14" count="50" type="stmt"/>
        <line num="15" count="3" type="stmt"/>
        <line num="19" count="3" type="stmt"/>
        <line num="23" count="3" type="stmt"/>
        <line num="27" count="1" type="stmt"/>
      </file>
      <file name="singleQuery.js" path="C:\Users\user\Desktop\CODING\HomeWork\src\classes\singleQuery.js">
        <metrics statements="8" coveredstatements="8" conditionals="0" coveredconditionals="0" methods="5" coveredmethods="5"/>
        <line num="4" count="5" type="stmt"/>
        <line num="5" count="5" type="stmt"/>
        <line num="6" count="5" type="stmt"/>
        <line num="7" count="5" type="stmt"/>
        <line num="8" count="5" type="stmt"/>
        <line num="12" count="10" type="stmt"/>
        <line num="16" count="10" type="stmt"/>
        <line num="20" count="1" type="stmt"/>
      </file>
    </package>
    <package name="data">
      <metrics statements="6" coveredstatements="6" conditionals="0" coveredconditionals="0" methods="0" coveredmethods="0"/>
      <file name="exampleValues.js" path="C:\Users\user\Desktop\CODING\HomeWork\src\data\exampleValues.js">
        <metrics statements="6" coveredstatements="6" conditionals="0" coveredconditionals="0" methods="0" coveredmethods="0"/>
        <line num="1" count="1" type="stmt"/>
        <line num="3" count="1" type="stmt"/>
        <line num="5" count="1" type="stmt"/>
        <line num="15" count="1" type="stmt"/>
        <line num="17" count="1" type="stmt"/>
        <line num="32" count="1" type="stmt"/>
      </file>
    </package>
  </project>
</coverage>
