{"C:\\Users\\user\\Desktop\\CODING\\HomeWork\\src\\classes\\field.js": {"path":"C:\\Users\\user\\Desktop\\CODING\\HomeWork\\src\\classes\\field.js","statementMap":{"0":{"start":{"line":4,"column":8},"end":{"line":4,"column":46}},"1":{"start":{"line":5,"column":8},"end":{"line":5,"column":50}},"2":{"start":{"line":6,"column":8},"end":{"line":6,"column":82}},"3":{"start":{"line":7,"column":8},"end":{"line":7,"column":88}},"4":{"start":{"line":8,"column":8},"end":{"line":8,"column":71}},"5":{"start":{"line":8,"column":64},"end":{"line":8,"column":69}},"6":{"start":{"line":9,"column":8},"end":{"line":9,"column":44}},"7":{"start":{"line":10,"column":8},"end":{"line":10,"column":45}},"8":{"start":{"line":14,"column":8},"end":{"line":16,"column":9}},"9":{"start":{"line":15,"column":12},"end":{"line":15,"column":99}},"10":{"start":{"line":17,"column":8},"end":{"line":17,"column":33}},"11":{"start":{"line":21,"column":8},"end":{"line":21,"column":50}},"12":{"start":{"line":22,"column":8},"end":{"line":22,"column":37}},"13":{"start":{"line":26,"column":8},"end":{"line":26,"column":47}},"14":{"start":{"line":30,"column":33},"end":{"line":30,"column":34}},"15":{"start":{"line":31,"column":26},"end":{"line":31,"column":138}},"16":{"start":{"line":32,"column":23},"end":{"line":38,"column":10}},"17":{"start":{"line":33,"column":31},"end":{"line":33,"column":90}},"18":{"start":{"line":33,"column":62},"end":{"line":33,"column":89}},"19":{"start":{"line":34,"column":24},"end":{"line":34,"column":91}},"20":{"start":{"line":35,"column":12},"end":{"line":35,"column":54}},"21":{"start":{"line":36,"column":12},"end":{"line":36,"column":63}},"22":{"start":{"line":36,"column":40},"end":{"line":36,"column":63}},"23":{"start":{"line":37,"column":12},"end":{"line":37,"column":23}},"24":{"start":{"line":39,"column":8},"end":{"line":39,"column":22}},"25":{"start":{"line":43,"column":28},"end":{"line":43,"column":116}},"26":{"start":{"line":43,"column":79},"end":{"line":43,"column":115}},"27":{"start":{"line":45,"column":8},"end":{"line":53,"column":9}},"28":{"start":{"line":45,"column":21},"end":{"line":45,"column":22}},"29":{"start":{"line":46,"column":12},"end":{"line":52,"column":13}},"30":{"start":{"line":46,"column":25},"end":{"line":46,"column":26}},"31":{"start":{"line":47,"column":16},"end":{"line":47,"column":41}},"32":{"start":{"line":48,"column":16},"end":{"line":48,"column":60}},"33":{"start":{"line":48,"column":27},"end":{"line":48,"column":60}},"34":{"start":{"line":49,"column":16},"end":{"line":49,"column":60}},"35":{"start":{"line":49,"column":27},"end":{"line":49,"column":60}},"36":{"start":{"line":50,"column":16},"end":{"line":50,"column":73}},"37":{"start":{"line":50,"column":36},"end":{"line":50,"column":73}},"38":{"start":{"line":51,"column":16},"end":{"line":51,"column":44}},"39":{"start":{"line":54,"column":8},"end":{"line":54,"column":29}},"40":{"start":{"line":58,"column":0},"end":{"line":58,"column":23}}},"fnMap":{"0":{"name":"(anonymous_0)","decl":{"start":{"line":3,"column":4},"end":{"line":3,"column":5}},"loc":{"start":{"line":3,"column":38},"end":{"line":11,"column":5}},"line":3},"1":{"name":"(anonymous_1)","decl":{"start":{"line":8,"column":54},"end":{"line":8,"column":55}},"loc":{"start":{"line":8,"column":64},"end":{"line":8,"column":69}},"line":8},"2":{"name":"(anonymous_2)","decl":{"start":{"line":13,"column":4},"end":{"line":13,"column":5}},"loc":{"start":{"line":13,"column":42},"end":{"line":18,"column":5}},"line":13},"3":{"name":"(anonymous_3)","decl":{"start":{"line":20,"column":4},"end":{"line":20,"column":5}},"loc":{"start":{"line":20,"column":19},"end":{"line":23,"column":5}},"line":20},"4":{"name":"(anonymous_4)","decl":{"start":{"line":25,"column":4},"end":{"line":25,"column":5}},"loc":{"start":{"line":25,"column":23},"end":{"line":27,"column":5}},"line":25},"5":{"name":"(anonymous_5)","decl":{"start":{"line":29,"column":4},"end":{"line":29,"column":5}},"loc":{"start":{"line":29,"column":22},"end":{"line":40,"column":5}},"line":29},"6":{"name":"(anonymous_6)","decl":{"start":{"line":32,"column":71},"end":{"line":32,"column":72}},"loc":{"start":{"line":32,"column":77},"end":{"line":38,"column":9}},"line":32},"7":{"name":"(anonymous_7)","decl":{"start":{"line":33,"column":51},"end":{"line":33,"column":52}},"loc":{"start":{"line":33,"column":62},"end":{"line":33,"column":89}},"line":33},"8":{"name":"(anonymous_8)","decl":{"start":{"line":42,"column":4},"end":{"line":42,"column":5}},"loc":{"start":{"line":42,"column":28},"end":{"line":55,"column":5}},"line":42},"9":{"name":"(anonymous_9)","decl":{"start":{"line":43,"column":73},"end":{"line":43,"column":74}},"loc":{"start":{"line":43,"column":79},"end":{"line":43,"column":115}},"line":43}},"branchMap":{"0":{"loc":{"start":{"line":14,"column":8},"end":{"line":16,"column":9}},"type":"if","locations":[{"start":{"line":14,"column":8},"end":{"line":16,"column":9}},{"start":{"line":14,"column":8},"end":{"line":16,"column":9}}],"line":14},"1":{"loc":{"start":{"line":14,"column":12},"end":{"line":14,"column":122}},"type":"binary-expr","locations":[{"start":{"line":14,"column":12},"end":{"line":14,"column":65}},{"start":{"line":14,"column":69},"end":{"line":14,"column":122}}],"line":14},"2":{"loc":{"start":{"line":36,"column":12},"end":{"line":36,"column":63}},"type":"if","locations":[{"start":{"line":36,"column":12},"end":{"line":36,"column":63}},{"start":{"line":36,"column":12},"end":{"line":36,"column":63}}],"line":36},"3":{"loc":{"start":{"line":48,"column":16},"end":{"line":48,"column":60}},"type":"if","locations":[{"start":{"line":48,"column":16},"end":{"line":48,"column":60}},{"start":{"line":48,"column":16},"end":{"line":48,"column":60}}],"line":48},"4":{"loc":{"start":{"line":49,"column":16},"end":{"line":49,"column":60}},"type":"if","locations":[{"start":{"line":49,"column":16},"end":{"line":49,"column":60}},{"start":{"line":49,"column":16},"end":{"line":49,"column":60}}],"line":49},"5":{"loc":{"start":{"line":50,"column":16},"end":{"line":50,"column":73}},"type":"if","locations":[{"start":{"line":50,"column":16},"end":{"line":50,"column":73}},{"start":{"line":50,"column":16},"end":{"line":50,"column":73}}],"line":50},"6":{"loc":{"start":{"line":50,"column":20},"end":{"line":50,"column":34}},"type":"binary-expr","locations":[{"start":{"line":50,"column":20},"end":{"line":50,"column":25}},{"start":{"line":50,"column":29},"end":{"line":50,"column":34}}],"line":50}},"s":{"0":36,"1":36,"2":36,"3":32,"4":32,"5":288,"6":32,"7":32,"8":36,"9":4,"10":32,"11":32,"12":32,"13":44,"14":33,"15":33,"16":33,"17":63438,"18":307594,"19":63438,"20":63438,"21":63438,"22":9159,"23":63438,"24":33,"25":8,"26":9919,"27":8,"28":8,"29":9919,"30":9919,"31":97436991,"32":97436991,"33":97427072,"34":97436991,"35":97427072,"36":97436991,"37":97417161,"38":97436991,"39":8,"40":3},"f":{"0":36,"1":288,"2":36,"3":32,"4":44,"5":33,"6":63438,"7":307594,"8":8,"9":9919},"b":{"0":[4,32],"1":[36,35],"2":[9159,54279],"3":[97427072,9919],"4":[97427072,9919],"5":[97417161,19830],"6":[97436991,97427072]},"_coverageSchema":"1a1c01bbd47fc00a2c39e90264f33305004495a9","hash":"e05fa84b4934219e2506484f239ed0d40d2bc71a"}
,"C:\\Users\\user\\Desktop\\CODING\\HomeWork\\src\\classes\\fieldYieldSolution.js": {"path":"C:\\Users\\user\\Desktop\\CODING\\HomeWork\\src\\classes\\fieldYieldSolution.js","statementMap":{"0":{"start":{"line":8,"column":25},"end":{"line":8,"column":51}},"1":{"start":{"line":9,"column":25},"end":{"line":9,"column":51}},"2":{"start":{"line":10,"column":21},"end":{"line":10,"column":47}},"3":{"start":{"line":11,"column":21},"end":{"line":11,"column":47}},"4":{"start":{"line":12,"column":26},"end":{"line":12,"column":45}},"5":{"start":{"line":13,"column":27},"end":{"line":13,"column":46}},"6":{"start":{"line":15,"column":16},"end":{"line":15,"column":17}},"7":{"start":{"line":16,"column":16},"end":{"line":16,"column":17}},"8":{"start":{"line":17,"column":16},"end":{"line":17,"column":17}},"9":{"start":{"line":18,"column":16},"end":{"line":18,"column":17}},"10":{"start":{"line":20,"column":8},"end":{"line":21,"column":63}},"11":{"start":{"line":21,"column":12},"end":{"line":21,"column":63}},"12":{"start":{"line":22,"column":8},"end":{"line":23,"column":75}},"13":{"start":{"line":23,"column":12},"end":{"line":23,"column":75}},"14":{"start":{"line":24,"column":8},"end":{"line":25,"column":76}},"15":{"start":{"line":25,"column":12},"end":{"line":25,"column":76}},"16":{"start":{"line":26,"column":8},"end":{"line":26,"column":84}},"17":{"start":{"line":27,"column":8},"end":{"line":27,"column":29}},"18":{"start":{"line":31,"column":0},"end":{"line":31,"column":36}}},"fnMap":{"0":{"name":"(anonymous_0)","decl":{"start":{"line":3,"column":4},"end":{"line":3,"column":5}},"loc":{"start":{"line":3,"column":65},"end":{"line":28,"column":5}},"line":3}},"branchMap":{"0":{"loc":{"start":{"line":20,"column":8},"end":{"line":21,"column":63}},"type":"if","locations":[{"start":{"line":20,"column":8},"end":{"line":21,"column":63}},{"start":{"line":20,"column":8},"end":{"line":21,"column":63}}],"line":20},"1":{"loc":{"start":{"line":20,"column":12},"end":{"line":20,"column":40}},"type":"binary-expr","locations":[{"start":{"line":20,"column":12},"end":{"line":20,"column":24}},{"start":{"line":20,"column":28},"end":{"line":20,"column":40}}],"line":20},"2":{"loc":{"start":{"line":22,"column":8},"end":{"line":23,"column":75}},"type":"if","locations":[{"start":{"line":22,"column":8},"end":{"line":23,"column":75}},{"start":{"line":22,"column":8},"end":{"line":23,"column":75}}],"line":22},"3":{"loc":{"start":{"line":24,"column":8},"end":{"line":25,"column":76}},"type":"if","locations":[{"start":{"line":24,"column":8},"end":{"line":25,"column":76}},{"start":{"line":24,"column":8},"end":{"line":25,"column":76}}],"line":24}},"s":{"0":4,"1":4,"2":4,"3":4,"4":4,"5":4,"6":4,"7":4,"8":4,"9":4,"10":4,"11":3,"12":4,"13":3,"14":4,"15":3,"16":4,"17":4,"18":1},"f":{"0":4},"b":{"0":[3,1],"1":[4,3],"2":[3,1],"3":[3,1]},"_coverageSchema":"1a1c01bbd47fc00a2c39e90264f33305004495a9","hash":"e2181391bd8a274ddbf06af205ed8c6b57bec448"}
,"C:\\Users\\user\\Desktop\\CODING\\HomeWork\\src\\classes\\multipleQueries.js": {"path":"C:\\Users\\user\\Desktop\\CODING\\HomeWork\\src\\classes\\multipleQueries.js","statementMap":{"0":{"start":{"line":1,"column":20},"end":{"line":1,"column":44}},"1":{"start":{"line":7,"column":8},"end":{"line":9,"column":9}},"2":{"start":{"line":8,"column":12},"end":{"line":8,"column":115}},"3":{"start":{"line":11,"column":26},"end":{"line":11,"column":28}},"4":{"start":{"line":12,"column":8},"end":{"line":14,"column":9}},"5":{"start":{"line":12,"column":21},"end":{"line":12,"column":22}},"6":{"start":{"line":13,"column":12},"end":{"line":13,"column":67}},"7":{"start":{"line":15,"column":8},"end":{"line":15,"column":27}},"8":{"start":{"line":22,"column":0},"end":{"line":22,"column":33}}},"fnMap":{"0":{"name":"(anonymous_0)","decl":{"start":{"line":5,"column":4},"end":{"line":5,"column":5}},"loc":{"start":{"line":5,"column":51},"end":{"line":16,"column":5}},"line":5}},"branchMap":{"0":{"loc":{"start":{"line":7,"column":8},"end":{"line":9,"column":9}},"type":"if","locations":[{"start":{"line":7,"column":8},"end":{"line":9,"column":9}},{"start":{"line":7,"column":8},"end":{"line":9,"column":9}}],"line":7},"1":{"loc":{"start":{"line":7,"column":12},"end":{"line":7,"column":52}},"type":"binary-expr","locations":[{"start":{"line":7,"column":12},"end":{"line":7,"column":27}},{"start":{"line":7,"column":31},"end":{"line":7,"column":52}}],"line":7}},"s":{"0":1,"1":14,"2":2,"3":12,"4":12,"5":12,"6":2282089,"7":12,"8":1},"f":{"0":14},"b":{"0":[2,12],"1":[14,13]},"_coverageSchema":"1a1c01bbd47fc00a2c39e90264f33305004495a9","hash":"9c77d9f92e706c4f5430308ed1b6276b89ceb941"}
,"C:\\Users\\user\\Desktop\\CODING\\HomeWork\\src\\classes\\singleQuery.js": {"path":"C:\\Users\\user\\Desktop\\CODING\\HomeWork\\src\\classes\\singleQuery.js","statementMap":{"0":{"start":{"line":5,"column":37},"end":{"line":5,"column":57}},"1":{"start":{"line":6,"column":30},"end":{"line":6,"column":49}},"2":{"start":{"line":7,"column":28},"end":{"line":7,"column":45}},"3":{"start":{"line":10,"column":12},"end":{"line":10,"column":94}},"4":{"start":{"line":10,"column":45},"end":{"line":10,"column":92}},"5":{"start":{"line":14,"column":12},"end":{"line":14,"column":139}},"6":{"start":{"line":14,"column":49},"end":{"line":14,"column":137}},"7":{"start":{"line":17,"column":8},"end":{"line":17,"column":49}},"8":{"start":{"line":24,"column":0},"end":{"line":24,"column":29}}},"fnMap":{"0":{"name":"(anonymous_0)","decl":{"start":{"line":3,"column":4},"end":{"line":3,"column":5}},"loc":{"start":{"line":3,"column":36},"end":{"line":18,"column":5}},"line":3},"1":{"name":"calcStartPosition","decl":{"start":{"line":9,"column":17},"end":{"line":9,"column":34}},"loc":{"start":{"line":9,"column":37},"end":{"line":11,"column":9}},"line":9},"2":{"name":"(anonymous_2)","decl":{"start":{"line":10,"column":39},"end":{"line":10,"column":40}},"loc":{"start":{"line":10,"column":45},"end":{"line":10,"column":92}},"line":10},"3":{"name":"calcEndPosition","decl":{"start":{"line":13,"column":17},"end":{"line":13,"column":32}},"loc":{"start":{"line":13,"column":35},"end":{"line":15,"column":9}},"line":13},"4":{"name":"(anonymous_4)","decl":{"start":{"line":14,"column":39},"end":{"line":14,"column":40}},"loc":{"start":{"line":14,"column":49},"end":{"line":14,"column":137}},"line":14}},"branchMap":{},"s":{"0":2282094,"1":2282094,"2":2282094,"3":2282094,"4":4564188,"5":2282094,"6":4564188,"7":2282094,"8":2},"f":{"0":2282094,"1":2282094,"2":4564188,"3":2282094,"4":4564188},"b":{},"_coverageSchema":"1a1c01bbd47fc00a2c39e90264f33305004495a9","hash":"c94bb59fb4fbeb8b1aa96b22ac87cbd20d85f571"}
,"C:\\Users\\user\\Desktop\\CODING\\HomeWork\\src\\data\\exampleValues.js": {"path":"C:\\Users\\user\\Desktop\\CODING\\HomeWork\\src\\data\\exampleValues.js","statementMap":{"0":{"start":{"line":1,"column":32},"end":{"line":9,"column":1}},"1":{"start":{"line":11,"column":23},"end":{"line":28,"column":1}},"2":{"start":{"line":30,"column":0},"end":{"line":33,"column":2}}},"fnMap":{},"branchMap":{},"s":{"0":2,"1":2,"2":2},"f":{},"b":{},"_coverageSchema":"1a1c01bbd47fc00a2c39e90264f33305004495a9","hash":"4ebaa2cd3e078993e097c93c3d100340901d1c03"}
}
