{"C:\\Users\\user\\Desktop\\CODING\\HomeWork\\src\\exampleValues.js": {"path":"C:\\Users\\user\\Desktop\\CODING\\HomeWork\\src\\exampleValues.js","statementMap":{"0":{"start":{"line":1,"column":29},"end":{"line":1,"column":30}},"1":{"start":{"line":3,"column":31},"end":{"line":3,"column":32}},"2":{"start":{"line":5,"column":32},"end":{"line":13,"column":1}},"3":{"start":{"line":15,"column":18},"end":{"line":15,"column":48}},"4":{"start":{"line":17,"column":23},"end":{"line":30,"column":1}},"5":{"start":{"line":32,"column":0},"end":{"line":38,"column":2}}},"fnMap":{},"branchMap":{},"s":{"0":1,"1":1,"2":1,"3":1,"4":1,"5":1},"f":{},"b":{},"_coverageSchema":"1a1c01bbd47fc00a2c39e90264f33305004495a9","hash":"71d47f4191d780edb779941d53a6e8f47775ed20"}
,"C:\\Users\\user\\Desktop\\CODING\\HomeWork\\src\\fieldSolution.js": {"path":"C:\\Users\\user\\Desktop\\CODING\\HomeWork\\src\\fieldSolution.js","statementMap":{"0":{"start":{"line":3,"column":4},"end":{"line":3,"column":62}},"1":{"start":{"line":7,"column":4},"end":{"line":7,"column":60}},"2":{"start":{"line":12,"column":41},"end":{"line":12,"column":62}},"3":{"start":{"line":13,"column":26},"end":{"line":13,"column":96}},"4":{"start":{"line":14,"column":25},"end":{"line":14,"column":90}},"5":{"start":{"line":15,"column":32},"end":{"line":15,"column":94}},"6":{"start":{"line":17,"column":20},"end":{"line":17,"column":77}},"7":{"start":{"line":17,"column":51},"end":{"line":17,"column":77}},"8":{"start":{"line":19,"column":4},"end":{"line":19,"column":47}},"9":{"start":{"line":22,"column":0},"end":{"line":26,"column":2}}},"fnMap":{"0":{"name":"startRangeAtFieldIndex","decl":{"start":{"line":2,"column":9},"end":{"line":2,"column":31}},"loc":{"start":{"line":2,"column":59},"end":{"line":4,"column":1}},"line":2},"1":{"name":"stopRangeAtFieldIndex","decl":{"start":{"line":6,"column":9},"end":{"line":6,"column":30}},"loc":{"start":{"line":6,"column":56},"end":{"line":8,"column":1}},"line":6},"2":{"name":"sumOfRange","decl":{"start":{"line":10,"column":9},"end":{"line":10,"column":19}},"loc":{"start":{"line":10,"column":68},"end":{"line":20,"column":1}},"line":10},"3":{"name":"(anonymous_3)","decl":{"start":{"line":17,"column":20},"end":{"line":17,"column":21}},"loc":{"start":{"line":17,"column":51},"end":{"line":17,"column":77}},"line":17}},"branchMap":{},"s":{"0":8,"1":8,"2":4,"3":4,"4":4,"5":4,"6":4,"7":53,"8":4,"9":1},"f":{"0":8,"1":8,"2":4,"3":53},"b":{},"_coverageSchema":"1a1c01bbd47fc00a2c39e90264f33305004495a9","hash":"a83479a741f9d9607c6272ba2b43ddd4917ce7eb"}
,"C:\\Users\\user\\Desktop\\CODING\\HomeWork\\src\\generateRandomInputValues.js": {"path":"C:\\Users\\user\\Desktop\\CODING\\HomeWork\\src\\generateRandomInputValues.js","statementMap":{"0":{"start":{"line":2,"column":36},"end":{"line":2,"column":119}},"1":{"start":{"line":2,"column":90},"end":{"line":2,"column":118}},"2":{"start":{"line":3,"column":4},"end":{"line":3,"column":41}},"3":{"start":{"line":4,"column":4},"end":{"line":4,"column":35}},"4":{"start":{"line":16,"column":33},"end":{"line":16,"column":53}},"5":{"start":{"line":17,"column":4},"end":{"line":17,"column":38}},"6":{"start":{"line":19,"column":26},"end":{"line":19,"column":104}},"7":{"start":{"line":19,"column":56},"end":{"line":19,"column":103}},"8":{"start":{"line":20,"column":24},"end":{"line":20,"column":143}},"9":{"start":{"line":20,"column":54},"end":{"line":20,"column":142}},"10":{"start":{"line":22,"column":4},"end":{"line":22,"column":31}},"11":{"start":{"line":23,"column":4},"end":{"line":23,"column":29}},"12":{"start":{"line":25,"column":4},"end":{"line":25,"column":45}},"13":{"start":{"line":30,"column":0},"end":{"line":33,"column":2}}},"fnMap":{"0":{"name":"generateStrawberryField","decl":{"start":{"line":1,"column":9},"end":{"line":1,"column":32}},"loc":{"start":{"line":1,"column":46},"end":{"line":5,"column":1}},"line":1},"1":{"name":"(anonymous_1)","decl":{"start":{"line":2,"column":80},"end":{"line":2,"column":81}},"loc":{"start":{"line":2,"column":90},"end":{"line":2,"column":118}},"line":2},"2":{"name":"generateSingleQuery","decl":{"start":{"line":7,"column":9},"end":{"line":7,"column":28}},"loc":{"start":{"line":7,"column":40},"end":{"line":26,"column":1}},"line":7},"3":{"name":"(anonymous_3)","decl":{"start":{"line":19,"column":46},"end":{"line":19,"column":47}},"loc":{"start":{"line":19,"column":56},"end":{"line":19,"column":103}},"line":19},"4":{"name":"(anonymous_4)","decl":{"start":{"line":20,"column":44},"end":{"line":20,"column":45}},"loc":{"start":{"line":20,"column":54},"end":{"line":20,"column":142}},"line":20}},"branchMap":{},"s":{"0":2,"1":130,"2":2,"3":2,"4":1,"5":1,"6":1,"7":2,"8":1,"9":2,"10":1,"11":1,"12":1,"13":1},"f":{"0":2,"1":130,"2":1,"3":2,"4":2},"b":{},"_coverageSchema":"1a1c01bbd47fc00a2c39e90264f33305004495a9","hash":"8e6290cbb4c7af20bc550a170109daab85c683e6"}
}
