TN:
SF:src\classes\field.js
FN:3,(anonymous_0)
FN:8,(anonymous_1)
FN:13,(anonymous_2)
FN:20,(anonymous_3)
FN:25,(anonymous_4)
FN:29,(anonymous_5)
FN:32,(anonymous_6)
FN:33,(anonymous_7)
FN:42,(anonymous_8)
FN:43,(anonymous_9)
FNF:10
FNH:10
FNDA:36,(anonymous_0)
FNDA:288,(anonymous_1)
FNDA:36,(anonymous_2)
FNDA:32,(anonymous_3)
FNDA:44,(anonymous_4)
FNDA:33,(anonymous_5)
FNDA:65553,(anonymous_6)
FNDA:319561,(anonymous_7)
FNDA:8,(anonymous_8)
FNDA:9919,(anonymous_9)
DA:4,36
DA:5,36
DA:6,36
DA:7,32
DA:8,288
DA:9,32
DA:10,32
DA:14,36
DA:15,4
DA:17,32
DA:21,32
DA:22,32
DA:26,44
DA:30,33
DA:31,33
DA:32,33
DA:33,319561
DA:34,65553
DA:35,65553
DA:36,65553
DA:37,65553
DA:39,33
DA:43,9919
DA:45,8
DA:46,9919
DA:47,97436991
DA:48,97436991
DA:49,97436991
DA:50,97436991
DA:51,97436991
DA:54,8
DA:58,3
LF:32
LH:32
BRDA:14,0,0,4
BRDA:14,0,1,32
BRDA:14,1,0,36
BRDA:14,1,1,35
BRDA:36,2,0,9085
BRDA:36,2,1,56468
BRDA:48,3,0,97427072
BRDA:48,3,1,9919
BRDA:49,4,0,97427072
BRDA:49,4,1,9919
BRDA:50,5,0,97417161
BRDA:50,5,1,19830
BRDA:50,6,0,97436991
BRDA:50,6,1,97427072
BRF:14
BRH:14
end_of_record
TN:
SF:src\classes\fieldYieldSolution.js
FN:3,(anonymous_0)
FNF:1
FNH:1
FNDA:4,(anonymous_0)
DA:8,4
DA:9,4
DA:10,4
DA:11,4
DA:12,4
DA:13,4
DA:15,4
DA:16,4
DA:17,4
DA:18,4
DA:20,4
DA:21,3
DA:22,4
DA:23,3
DA:24,4
DA:25,3
DA:26,4
DA:27,4
DA:31,1
LF:19
LH:19
BRDA:20,0,0,3
BRDA:20,0,1,1
BRDA:20,1,0,4
BRDA:20,1,1,3
BRDA:22,2,0,3
BRDA:22,2,1,1
BRDA:24,3,0,3
BRDA:24,3,1,1
BRF:8
BRH:8
end_of_record
TN:
SF:src\classes\multipleQueries.js
FN:5,(anonymous_0)
FNF:1
FNH:1
FNDA:14,(anonymous_0)
DA:1,1
DA:7,14
DA:8,2
DA:11,12
DA:12,12
DA:13,2282089
DA:15,12
DA:22,1
LF:8
LH:8
BRDA:7,0,0,2
BRDA:7,0,1,12
BRDA:7,1,0,14
BRDA:7,1,1,13
BRF:4
BRH:4
end_of_record
TN:
SF:src\classes\singleQuery.js
FN:3,(anonymous_0)
FN:9,calcStartPosition
FN:10,(anonymous_2)
FN:13,calcEndPosition
FN:14,(anonymous_4)
FNF:5
FNH:5
FNDA:2282094,(anonymous_0)
FNDA:2282094,calcStartPosition
FNDA:4564188,(anonymous_2)
FNDA:2282094,calcEndPosition
FNDA:4564188,(anonymous_4)
DA:5,2282094
DA:6,2282094
DA:7,2282094
DA:10,4564188
DA:14,4564188
DA:17,2282094
DA:24,2
LF:7
LH:7
BRF:0
BRH:0
end_of_record
TN:
SF:src\data\exampleValues.js
FNF:0
FNH:0
DA:1,2
DA:3,2
DA:5,2
DA:15,2
DA:17,2
DA:36,2
LF:6
LH:6
BRF:0
BRH:0
end_of_record
