TN:
SF:src\exampleValues.js
FNF:0
FNH:0
DA:1,1
DA:3,1
DA:5,1
DA:15,1
DA:17,1
DA:32,1
LF:6
LH:6
BRF:0
BRH:0
end_of_record
TN:
SF:src\fieldSolution.js
FN:2,startRangeAtFieldIndex
FN:6,stopRangeAtFieldIndex
FN:10,sumOfRange
FN:17,(anonymous_3)
FNF:4
FNH:4
FNDA:8,startRangeAtFieldIndex
FNDA:8,stopRangeAtFieldIndex
FNDA:4,sumOfRange
FNDA:53,(anonymous_3)
DA:3,8
DA:7,8
DA:12,4
DA:13,4
DA:14,4
DA:15,4
DA:17,53
DA:19,4
DA:22,1
LF:9
LH:9
BRF:0
BRH:0
end_of_record
TN:
SF:src\generateRandomInputValues.js
FN:1,generateStrawberryField
FN:2,(anonymous_1)
FN:7,generateSingleQuery
FN:19,(anonymous_3)
FN:20,(anonymous_4)
FNF:5
FNH:5
FNDA:2,generateStrawberryField
FNDA:130,(anonymous_1)
FNDA:1,generateSingleQuery
FNDA:2,(anonymous_3)
FNDA:2,(anonymous_4)
DA:2,130
DA:3,2
DA:4,2
DA:16,1
DA:17,1
DA:19,2
DA:20,2
DA:22,1
DA:23,1
DA:25,1
DA:30,1
LF:11
LH:11
BRF:0
BRH:0
end_of_record
